-------------------------------------------------------------------------------
Test set: com.yank.nicks.NicksApplicationTests
-------------------------------------------------------------------------------
Tests run: 1, Failures: 0, Errors: 1, Skipped: 0, Time elapsed: 0.279 s <<< FAILURE! - in com.yank.nicks.NicksApplicationTests
com.yank.nicks.NicksApplicationTests  Time elapsed: 0.277 s  <<< ERROR!
java.lang.IllegalStateException: Unable to find a @SpringBootConfiguration, you need to use @ContextConfiguration or @SpringBootTest(classes=...) with your test

