<?xml version="1.0" encoding="UTF-8"?>
<testsuite xmlns:xsi="http://www.w3.org/2001/XMLSchema-instance" xsi:noNamespaceSchemaLocation="https://maven.apache.org/surefire/maven-surefire-plugin/xsd/surefire-test-report.xsd" name="com.yank.nicks.NicksApplicationTests" time="0.279" tests="1" errors="1" skipped="0" failures="0">
  <properties>
[...]
</properties>
  <testcase name="com.yank.nicks.NicksApplicationTests" classname="com.yank.nicks.NicksApplicationTests" time="0.277">
    <error message="Unable to find a @SpringBootConfiguration, you need to use @ContextConfiguration or @SpringBootTest(classes=...) with your test" type="java.lang.IllegalStateException">java.lang.IllegalStateException: Unable to find a @SpringBootConfiguration, you need to use @ContextConfiguration or @SpringBootTest(classes=...) with your test
</error>
    <system-out><![CDATA[03:23:46.496 [main] DEBUG org.springframework.test.context.BootstrapUtils - Instantiating CacheAwareContextLoaderDelegate from class [org.springframework.test.context.cache.DefaultCacheAwareContextLoaderDelegate]
03:23:46.507 [main] DEBUG org.springframework.test.context.BootstrapUtils - Instantiating BootstrapContext using constructor [public org.springframework.test.context.support.DefaultBootstrapContext(java.lang.Class,org.springframework.test.context.CacheAwareContextLoaderDelegate)]
03:23:46.554 [main] DEBUG org.springframework.test.context.BootstrapUtils - Instantiating TestContextBootstrapper for test class [com.yank.nicks.NicksApplicationTests] from class [org.springframework.boot.test.context.SpringBootTestContextBootstrapper]
03:23:46.572 [main] INFO org.springframework.boot.test.context.SpringBootTestContextBootstrapper - Neither @ContextConfiguration nor @ContextHierarchy found for test class [com.yank.nicks.NicksApplicationTests], using SpringBootContextLoader
03:23:46.575 [main] DEBUG org.springframework.test.context.support.AbstractContextLoader - Did not detect default resource location for test class [com.yank.nicks.NicksApplicationTests]: class path resource [com/yank/nicks/NicksApplicationTests-context.xml] does not exist
03:23:46.576 [main] DEBUG org.springframework.test.context.support.AbstractContextLoader - Did not detect default resource location for test class [com.yank.nicks.NicksApplicationTests]: class path resource [com/yank/nicks/NicksApplicationTestsContext.groovy] does not exist
03:23:46.576 [main] INFO org.springframework.test.context.support.AbstractContextLoader - Could not detect default resource locations for test class [com.yank.nicks.NicksApplicationTests]: no resource found for suffixes {-context.xml, Context.groovy}.
03:23:46.577 [main] INFO org.springframework.test.context.support.AnnotationConfigContextLoaderUtils - Could not detect default configuration classes for test class [com.yank.nicks.NicksApplicationTests]: NicksApplicationTests does not declare any static, non-private, non-final, nested classes annotated with @Configuration.
03:23:46.616 [main] DEBUG org.springframework.test.context.support.ActiveProfilesUtils - Could not find an 'annotation declaring class' for annotation type [org.springframework.test.context.ActiveProfiles] and class [com.yank.nicks.NicksApplicationTests]
03:23:46.674 [main] DEBUG org.springframework.test.context.BootstrapUtils - Instantiating CacheAwareContextLoaderDelegate from class [org.springframework.test.context.cache.DefaultCacheAwareContextLoaderDelegate]
03:23:46.674 [main] DEBUG org.springframework.test.context.BootstrapUtils - Instantiating BootstrapContext using constructor [public org.springframework.test.context.support.DefaultBootstrapContext(java.lang.Class,org.springframework.test.context.CacheAwareContextLoaderDelegate)]
03:23:46.675 [main] DEBUG org.springframework.test.context.BootstrapUtils - Instantiating TestContextBootstrapper for test class [com.yank.nicks.NicksApplicationTests] from class [org.springframework.boot.test.context.SpringBootTestContextBootstrapper]
03:23:46.676 [main] INFO org.springframework.boot.test.context.SpringBootTestContextBootstrapper - Neither @ContextConfiguration nor @ContextHierarchy found for test class [com.yank.nicks.NicksApplicationTests], using SpringBootContextLoader
03:23:46.676 [main] DEBUG org.springframework.test.context.support.AbstractContextLoader - Did not detect default resource location for test class [com.yank.nicks.NicksApplicationTests]: class path resource [com/yank/nicks/NicksApplicationTests-context.xml] does not exist
03:23:46.677 [main] DEBUG org.springframework.test.context.support.AbstractContextLoader - Did not detect default resource location for test class [com.yank.nicks.NicksApplicationTests]: class path resource [com/yank/nicks/NicksApplicationTestsContext.groovy] does not exist
03:23:46.677 [main] INFO org.springframework.test.context.support.AbstractContextLoader - Could not detect default resource locations for test class [com.yank.nicks.NicksApplicationTests]: no resource found for suffixes {-context.xml, Context.groovy}.
03:23:46.677 [main] INFO org.springframework.test.context.support.AnnotationConfigContextLoaderUtils - Could not detect default configuration classes for test class [com.yank.nicks.NicksApplicationTests]: NicksApplicationTests does not declare any static, non-private, non-final, nested classes annotated with @Configuration.
03:23:46.679 [main] DEBUG org.springframework.test.context.support.ActiveProfilesUtils - Could not find an 'annotation declaring class' for annotation type [org.springframework.test.context.ActiveProfiles] and class [com.yank.nicks.NicksApplicationTests]
03:23:46.688 [main] DEBUG org.springframework.test.context.BootstrapUtils - Instantiating CacheAwareContextLoaderDelegate from class [org.springframework.test.context.cache.DefaultCacheAwareContextLoaderDelegate]
03:23:46.688 [main] DEBUG org.springframework.test.context.BootstrapUtils - Instantiating BootstrapContext using constructor [public org.springframework.test.context.support.DefaultBootstrapContext(java.lang.Class,org.springframework.test.context.CacheAwareContextLoaderDelegate)]
03:23:46.689 [main] DEBUG org.springframework.test.context.BootstrapUtils - Instantiating TestContextBootstrapper for test class [com.yank.nicks.NicksApplicationTests] from class [org.springframework.boot.test.context.SpringBootTestContextBootstrapper]
03:23:46.690 [main] INFO org.springframework.boot.test.context.SpringBootTestContextBootstrapper - Neither @ContextConfiguration nor @ContextHierarchy found for test class [com.yank.nicks.NicksApplicationTests], using SpringBootContextLoader
03:23:46.691 [main] DEBUG org.springframework.test.context.support.AbstractContextLoader - Did not detect default resource location for test class [com.yank.nicks.NicksApplicationTests]: class path resource [com/yank/nicks/NicksApplicationTests-context.xml] does not exist
03:23:46.691 [main] DEBUG org.springframework.test.context.support.AbstractContextLoader - Did not detect default resource location for test class [com.yank.nicks.NicksApplicationTests]: class path resource [com/yank/nicks/NicksApplicationTestsContext.groovy] does not exist
03:23:46.691 [main] INFO org.springframework.test.context.support.AbstractContextLoader - Could not detect default resource locations for test class [com.yank.nicks.NicksApplicationTests]: no resource found for suffixes {-context.xml, Context.groovy}.
03:23:46.691 [main] INFO org.springframework.test.context.support.AnnotationConfigContextLoaderUtils - Could not detect default configuration classes for test class [com.yank.nicks.NicksApplicationTests]: NicksApplicationTests does not declare any static, non-private, non-final, nested classes annotated with @Configuration.
03:23:46.693 [main] DEBUG org.springframework.test.context.support.ActiveProfilesUtils - Could not find an 'annotation declaring class' for annotation type [org.springframework.test.context.ActiveProfiles] and class [com.yank.nicks.NicksApplicationTests]
]]></system-out>
  </testcase>
</testsuite>